2026-03-06 19:26:01 - captured_ai_mail - INFO - [ai_mail] Discovering modules...
2026-03-06 19:26:01 - captured_ai_mail - ERROR -   [-] aipass.ai_mail.apps.modules.email - import error: No module named 'aipass.dev_central'
2026-03-06 19:26:01 - captured_ai_mail - INFO -   [+] aipass.ai_mail.apps.modules.dispatch
2026-03-06 19:26:01 - captured_ai_mail - INFO -   [+] aipass.ai_mail.apps.modules.branch_ping
2026-03-06 19:26:01 - captured_ai_mail - INFO - [ai_mail] Discovered 2 modules
2026-03-06 19:26:27 - captured_ai_mail - INFO - [ai_mail] Discovering modules...
2026-03-06 19:26:27 - captured_ai_mail - ERROR -   [-] aipass.ai_mail.apps.modules.email - import error: No module named 'aipass.dev_central'
2026-03-06 19:26:27 - captured_ai_mail - INFO -   [+] aipass.ai_mail.apps.modules.dispatch
2026-03-06 19:26:27 - captured_ai_mail - INFO -   [+] aipass.ai_mail.apps.modules.branch_ping
2026-03-06 19:26:27 - captured_ai_mail - INFO - [ai_mail] Discovered 2 modules
2026-03-06 20:32:14 - captured_ai_mail - INFO - [ai_mail] Discovering modules...
2026-03-06 20:32:14 - captured_ai_mail - ERROR -   [-] aipass.ai_mail.apps.modules.email - import error: No module named 'aipass.dev_central'
2026-03-06 20:32:14 - captured_ai_mail - INFO -   [+] aipass.ai_mail.apps.modules.dispatch
2026-03-06 20:32:14 - captured_ai_mail - INFO -   [+] aipass.ai_mail.apps.modules.branch_ping
2026-03-06 20:32:14 - captured_ai_mail - INFO - [ai_mail] Discovered 2 modules
2026-03-06 20:32:37 - captured_ai_mail - INFO - [ai_mail] Discovering modules...
2026-03-06 20:32:37 - captured_ai_mail - ERROR -   [-] aipass.ai_mail.apps.modules.email - import error: No module named 'aipass.dev_central'
2026-03-06 20:32:37 - captured_ai_mail - INFO -   [+] aipass.ai_mail.apps.modules.dispatch
2026-03-06 20:32:37 - captured_ai_mail - INFO -   [+] aipass.ai_mail.apps.modules.branch_ping
2026-03-06 20:32:37 - captured_ai_mail - INFO - [ai_mail] Discovered 2 modules
2026-03-06 20:32:42 - captured_ai_mail - INFO - [ai_mail] Discovering modules...
2026-03-06 20:32:42 - captured_ai_mail - ERROR -   [-] aipass.ai_mail.apps.modules.email - import error: No module named 'aipass.dev_central'
2026-03-06 20:32:42 - captured_ai_mail - INFO -   [+] aipass.ai_mail.apps.modules.dispatch
2026-03-06 20:32:42 - captured_ai_mail - INFO -   [+] aipass.ai_mail.apps.modules.branch_ping
2026-03-06 20:32:42 - captured_ai_mail - INFO - [ai_mail] Discovered 2 modules
2026-03-06 20:33:19 - captured_ai_mail - INFO - [ai_mail] Discovering modules...
2026-03-06 20:33:19 - captured_ai_mail - ERROR -   [-] aipass.ai_mail.apps.modules.email - import error: No module named 'aipass.dev_central'
2026-03-06 20:33:19 - captured_ai_mail - INFO -   [+] aipass.ai_mail.apps.modules.dispatch
2026-03-06 20:33:19 - captured_ai_mail - INFO -   [+] aipass.ai_mail.apps.modules.branch_ping
2026-03-06 20:33:19 - captured_ai_mail - INFO - [ai_mail] Discovered 2 modules
2026-03-06 20:33:19 - captured_ai_mail - INFO - [ai_mail] Discovering modules...
2026-03-06 20:33:19 - captured_ai_mail - ERROR -   [-] aipass.ai_mail.apps.modules.email - import error: No module named 'aipass.dev_central'
2026-03-06 20:33:19 - captured_ai_mail - INFO -   [+] aipass.ai_mail.apps.modules.dispatch
2026-03-06 20:33:19 - captured_ai_mail - INFO -   [+] aipass.ai_mail.apps.modules.branch_ping
2026-03-06 20:33:19 - captured_ai_mail - INFO - [ai_mail] Discovered 2 modules
