2026-03-06 18:38:57 - captured_core - INFO - [TRIGGER] logger fired: startup
2026-03-06 18:38:57 - captured_core - INFO - [TRIGGER] 1 handlers responding
2026-03-06 18:39:46 - captured_core - INFO - [TRIGGER] logger fired: startup
2026-03-06 18:39:46 - captured_core - INFO - [TRIGGER] 1 handlers responding
2026-03-06 19:02:03 - captured_core - INFO - [TRIGGER] cli fired: cli_header_displayed
2026-03-06 19:02:03 - captured_core - INFO - [TRIGGER] 1 handlers responding
2026-03-06 19:24:36 - captured_core - INFO - [TRIGGER] prax fired: startup
2026-03-06 19:24:36 - captured_core - INFO - [TRIGGER] 1 handlers responding
2026-03-06 19:24:39 - captured_core - INFO - [TRIGGER] cli fired: cli_header_displayed
2026-03-06 19:24:39 - captured_core - INFO - [TRIGGER] 1 handlers responding
2026-03-06 19:24:49 - captured_core - INFO - [TRIGGER] cli fired: cli_header_displayed
2026-03-06 19:24:49 - captured_core - INFO - [TRIGGER] 1 handlers responding
2026-03-06 19:25:09 - captured_core - INFO - [TRIGGER] cli fired: cli_header_displayed
2026-03-06 19:25:09 - captured_core - INFO - [TRIGGER] 1 handlers responding
2026-03-06 19:25:13 - captured_core - INFO - [TRIGGER] prax fired: startup
2026-03-06 19:25:13 - captured_core - INFO - [TRIGGER] 1 handlers responding
2026-03-06 19:25:13 - captured_core - INFO - [TRIGGER] cli fired: cli_header_displayed
2026-03-06 19:25:13 - captured_core - INFO - [TRIGGER] 1 handlers responding
2026-03-06 19:25:21 - captured_core - INFO - [TRIGGER] prax fired: startup
2026-03-06 19:25:21 - captured_core - INFO - [TRIGGER] 1 handlers responding
2026-03-06 19:25:21 - captured_core - INFO - [TRIGGER] cli fired: cli_header_displayed
2026-03-06 19:25:21 - captured_core - INFO - [TRIGGER] 1 handlers responding
2026-03-06 19:25:27 - captured_core - INFO - [TRIGGER] cli fired: cli_header_displayed
2026-03-06 19:25:27 - captured_core - INFO - [TRIGGER] 1 handlers responding
2026-03-06 19:25:42 - captured_core - INFO - [TRIGGER] prax fired: startup
2026-03-06 19:25:42 - captured_core - INFO - [TRIGGER] 1 handlers responding
2026-03-06 19:25:42 - captured_core - INFO - [TRIGGER] cli fired: cli_header_displayed
2026-03-06 19:25:42 - captured_core - INFO - [TRIGGER] 1 handlers responding
2026-03-06 19:25:46 - captured_core - INFO - [TRIGGER] prax fired: startup
2026-03-06 19:25:46 - captured_core - INFO - [TRIGGER] 1 handlers responding
2026-03-06 19:25:46 - captured_core - INFO - [TRIGGER] cli fired: cli_header_displayed
2026-03-06 19:25:46 - captured_core - INFO - [TRIGGER] 1 handlers responding
2026-03-06 19:25:53 - captured_core - INFO - [TRIGGER] prax fired: startup
2026-03-06 19:25:53 - captured_core - INFO - [TRIGGER] 1 handlers responding
2026-03-06 19:25:57 - captured_core - INFO - [TRIGGER] prax fired: startup
2026-03-06 19:25:57 - captured_core - INFO - [TRIGGER] 1 handlers responding
2026-03-06 19:26:01 - captured_core - INFO - [TRIGGER] prax fired: startup
2026-03-06 19:26:01 - captured_core - INFO - [TRIGGER] 1 handlers responding
2026-03-06 19:26:07 - captured_core - INFO - [TRIGGER] prax fired: startup
2026-03-06 19:26:07 - captured_core - INFO - [TRIGGER] 1 handlers responding
2026-03-06 19:26:27 - captured_core - INFO - [TRIGGER] prax fired: startup
2026-03-06 19:26:27 - captured_core - INFO - [TRIGGER] 1 handlers responding
2026-03-06 19:26:31 - captured_core - INFO - [TRIGGER] prax fired: startup
2026-03-06 19:26:31 - captured_core - INFO - [TRIGGER] 1 handlers responding
2026-03-06 19:26:31 - captured_core - INFO - [TRIGGER] cli fired: cli_header_displayed
2026-03-06 19:26:31 - captured_core - INFO - [TRIGGER] 1 handlers responding
2026-03-06 19:26:38 - captured_core - INFO - [TRIGGER] prax fired: startup
2026-03-06 19:26:38 - captured_core - INFO - [TRIGGER] 1 handlers responding
2026-03-06 19:26:38 - captured_core - INFO - [TRIGGER] cli fired: cli_header_displayed
2026-03-06 19:26:38 - captured_core - INFO - [TRIGGER] 1 handlers responding
2026-03-06 19:26:41 - captured_core - INFO - [TRIGGER] prax fired: startup
2026-03-06 19:26:41 - captured_core - INFO - [TRIGGER] 1 handlers responding
2026-03-06 19:26:41 - captured_core - INFO - [TRIGGER] cli fired: cli_header_displayed
2026-03-06 19:26:41 - captured_core - INFO - [TRIGGER] 1 handlers responding
2026-03-06 19:26:45 - captured_core - INFO - [TRIGGER] prax fired: startup
2026-03-06 19:26:45 - captured_core - INFO - [TRIGGER] 1 handlers responding
2026-03-06 19:26:45 - captured_core - INFO - [TRIGGER] flow fired: central_aggregated
2026-03-06 19:26:45 - captured_core - INFO - [TRIGGER] 0 handlers responding
2026-03-06 19:26:45 - captured_core - INFO - [TRIGGER] flow fired: plan_created
2026-03-06 19:26:45 - captured_core - INFO - [TRIGGER] 0 handlers responding
2026-03-06 19:26:49 - captured_core - INFO - [TRIGGER] prax fired: startup
2026-03-06 19:26:49 - captured_core - INFO - [TRIGGER] 1 handlers responding
2026-03-06 19:26:52 - captured_core - INFO - [TRIGGER] prax fired: startup
2026-03-06 19:26:52 - captured_core - INFO - [TRIGGER] 1 handlers responding
2026-03-06 19:53:58 - captured_core - INFO - [TRIGGER] prax fired: startup
2026-03-06 19:53:58 - captured_core - INFO - [TRIGGER] 1 handlers responding
2026-03-06 19:53:58 - captured_core - INFO - [TRIGGER] cli fired: cli_header_displayed
2026-03-06 19:53:58 - captured_core - INFO - [TRIGGER] 1 handlers responding
2026-03-06 19:53:58 - captured_core - INFO - [TRIGGER] prax fired: startup
2026-03-06 19:53:58 - captured_core - INFO - [TRIGGER] 1 handlers responding
2026-03-06 19:55:03 - captured_core - INFO - [TRIGGER] prax fired: startup
2026-03-06 19:55:03 - captured_core - INFO - [TRIGGER] 1 handlers responding
2026-03-06 19:55:03 - captured_core - INFO - [TRIGGER] cli fired: cli_header_displayed
2026-03-06 19:55:03 - captured_core - INFO - [TRIGGER] 1 handlers responding
2026-03-06 20:19:23 - captured_core - INFO - [TRIGGER] prax fired: startup
2026-03-06 20:19:23 - captured_core - INFO - [TRIGGER] 1 handlers responding
2026-03-06 20:19:23 - captured_core - INFO - [TRIGGER] cli fired: cli_header_displayed
2026-03-06 20:19:23 - captured_core - INFO - [TRIGGER] 1 handlers responding
2026-03-06 20:20:13 - captured_core - INFO - [TRIGGER] prax fired: startup
2026-03-06 20:20:13 - captured_core - INFO - [TRIGGER] 1 handlers responding
2026-03-06 20:20:22 - captured_core - INFO - [TRIGGER] prax fired: startup
2026-03-06 20:20:22 - captured_core - INFO - [TRIGGER] 1 handlers responding
2026-03-06 20:20:22 - captured_core - INFO - [TRIGGER] cli fired: cli_header_displayed
2026-03-06 20:20:22 - captured_core - INFO - [TRIGGER] 1 handlers responding
2026-03-06 20:20:39 - captured_core - INFO - [TRIGGER] prax fired: startup
2026-03-06 20:20:39 - captured_core - INFO - [TRIGGER] 1 handlers responding
2026-03-06 20:20:39 - captured_core - INFO - [TRIGGER] flow fired: central_aggregated
2026-03-06 20:20:39 - captured_core - INFO - [TRIGGER] 0 handlers responding
2026-03-06 20:20:39 - captured_core - INFO - [TRIGGER] flow fired: plan_created
2026-03-06 20:20:39 - captured_core - INFO - [TRIGGER] 0 handlers responding
2026-03-06 20:21:02 - captured_core - INFO - [TRIGGER] prax fired: startup
2026-03-06 20:21:02 - captured_core - INFO - [TRIGGER] 1 handlers responding
2026-03-06 20:32:14 - captured_core - INFO - [TRIGGER] prax fired: startup
2026-03-06 20:32:14 - captured_core - INFO - [TRIGGER] 1 handlers responding
2026-03-06 20:32:37 - captured_core - INFO - [TRIGGER] prax fired: startup
2026-03-06 20:32:37 - captured_core - INFO - [TRIGGER] 1 handlers responding
2026-03-06 20:32:42 - captured_core - INFO - [TRIGGER] prax fired: startup
2026-03-06 20:32:42 - captured_core - INFO - [TRIGGER] 1 handlers responding
2026-03-06 20:33:19 - captured_core - INFO - [TRIGGER] prax fired: startup
2026-03-06 20:33:19 - captured_core - INFO - [TRIGGER] 1 handlers responding
2026-03-06 20:33:19 - captured_core - INFO - [TRIGGER] prax fired: startup
2026-03-06 20:33:19 - captured_core - INFO - [TRIGGER] 1 handlers responding
2026-03-06 20:37:06 - captured_core - INFO - [TRIGGER] cli fired: cli_header_displayed
2026-03-06 20:37:06 - captured_core - INFO - [TRIGGER] 1 handlers responding
2026-03-06 20:37:06 - captured_core - INFO - [TRIGGER] prax fired: startup
2026-03-06 20:37:06 - captured_core - INFO - [TRIGGER] 1 handlers responding
2026-03-06 20:37:06 - captured_core - INFO - [TRIGGER] cli fired: cli_header_displayed
2026-03-06 20:37:06 - captured_core - INFO - [TRIGGER] 1 handlers responding
2026-03-06 20:37:07 - captured_core - INFO - [TRIGGER] cli fired: cli_header_displayed
2026-03-06 20:37:07 - captured_core - INFO - [TRIGGER] 1 handlers responding
2026-03-06 20:37:07 - captured_core - INFO - [TRIGGER] prax fired: startup
2026-03-06 20:37:07 - captured_core - INFO - [TRIGGER] 1 handlers responding
2026-03-06 20:37:07 - captured_core - INFO - [TRIGGER] cli fired: cli_header_displayed
2026-03-06 20:37:07 - captured_core - INFO - [TRIGGER] 1 handlers responding
2026-03-06 20:38:03 - captured_core - INFO - [TRIGGER] cli fired: cli_header_displayed
2026-03-06 20:38:03 - captured_core - INFO - [TRIGGER] 1 handlers responding
2026-03-06 20:38:04 - captured_core - INFO - [TRIGGER] prax fired: startup
2026-03-06 20:38:04 - captured_core - INFO - [TRIGGER] 1 handlers responding
2026-03-06 20:38:04 - captured_core - INFO - [TRIGGER] cli fired: cli_header_displayed
2026-03-06 20:38:04 - captured_core - INFO - [TRIGGER] 1 handlers responding
2026-03-06 20:38:04 - captured_core - INFO - [TRIGGER] cli fired: cli_header_displayed
2026-03-06 20:38:04 - captured_core - INFO - [TRIGGER] 1 handlers responding
2026-03-06 20:38:05 - captured_core - INFO - [TRIGGER] prax fired: startup
2026-03-06 20:38:05 - captured_core - INFO - [TRIGGER] 1 handlers responding
2026-03-06 20:38:05 - captured_core - INFO - [TRIGGER] cli fired: cli_header_displayed
2026-03-06 20:38:05 - captured_core - INFO - [TRIGGER] 1 handlers responding
2026-03-06 20:38:05 - captured_core - INFO - [TRIGGER] cli fired: cli_header_displayed
2026-03-06 20:38:05 - captured_core - INFO - [TRIGGER] 1 handlers responding
