2026-03-06 19:25:21 - captured_trigger - ERROR - [TRIGGER] Failed to load module trigger.apps.modules.medic: No module named 'trigger.apps'; 'trigger' is not a package
2026-03-06 19:25:21 - captured_trigger - ERROR - [TRIGGER] Failed to load module trigger.apps.modules.errors: No module named 'trigger.apps'; 'trigger' is not a package
2026-03-06 19:25:21 - captured_trigger - ERROR - [TRIGGER] Failed to load module trigger.apps.modules.branch_log_events: No module named 'trigger.apps'; 'trigger' is not a package
2026-03-06 19:25:21 - captured_trigger - ERROR - [TRIGGER] Failed to load module trigger.apps.modules.core: No module named 'trigger.apps'; 'trigger' is not a package
2026-03-06 19:25:21 - captured_trigger - ERROR - [TRIGGER] Failed to load module trigger.apps.modules.log_events: No module named 'trigger.apps'; 'trigger' is not a package
2026-03-06 19:26:07 - captured_trigger - ERROR - [TRIGGER] Failed to load module trigger.apps.modules.medic: No module named 'trigger.apps'; 'trigger' is not a package
2026-03-06 19:26:07 - captured_trigger - ERROR - [TRIGGER] Failed to load module trigger.apps.modules.errors: No module named 'trigger.apps'; 'trigger' is not a package
2026-03-06 19:26:07 - captured_trigger - ERROR - [TRIGGER] Failed to load module trigger.apps.modules.branch_log_events: No module named 'trigger.apps'; 'trigger' is not a package
2026-03-06 19:26:07 - captured_trigger - ERROR - [TRIGGER] Failed to load module trigger.apps.modules.core: No module named 'trigger.apps'; 'trigger' is not a package
2026-03-06 19:26:07 - captured_trigger - ERROR - [TRIGGER] Failed to load module trigger.apps.modules.log_events: No module named 'trigger.apps'; 'trigger' is not a package
2026-03-06 19:53:58 - captured_trigger - ERROR - [TRIGGER] Failed to load module trigger.apps.modules.medic: No module named 'trigger.apps'; 'trigger' is not a package
2026-03-06 19:53:58 - captured_trigger - ERROR - [TRIGGER] Failed to load module trigger.apps.modules.errors: No module named 'trigger.apps'; 'trigger' is not a package
2026-03-06 19:53:58 - captured_trigger - ERROR - [TRIGGER] Failed to load module trigger.apps.modules.branch_log_events: No module named 'trigger.apps'; 'trigger' is not a package
2026-03-06 19:53:58 - captured_trigger - ERROR - [TRIGGER] Failed to load module trigger.apps.modules.core: No module named 'trigger.apps'; 'trigger' is not a package
2026-03-06 19:53:58 - captured_trigger - ERROR - [TRIGGER] Failed to load module trigger.apps.modules.log_events: No module named 'trigger.apps'; 'trigger' is not a package
2026-03-06 19:53:58 - captured_trigger - ERROR - [TRIGGER] Failed to load module trigger.apps.modules.medic: No module named 'trigger.apps'; 'trigger' is not a package
2026-03-06 19:53:58 - captured_trigger - ERROR - [TRIGGER] Failed to load module trigger.apps.modules.errors: No module named 'trigger.apps'; 'trigger' is not a package
2026-03-06 19:53:58 - captured_trigger - ERROR - [TRIGGER] Failed to load module trigger.apps.modules.branch_log_events: No module named 'trigger.apps'; 'trigger' is not a package
2026-03-06 19:53:58 - captured_trigger - ERROR - [TRIGGER] Failed to load module trigger.apps.modules.core: No module named 'trigger.apps'; 'trigger' is not a package
2026-03-06 19:53:58 - captured_trigger - ERROR - [TRIGGER] Failed to load module trigger.apps.modules.log_events: No module named 'trigger.apps'; 'trigger' is not a package
2026-03-06 19:55:03 - captured_trigger - INFO - [TRIGGER] Loaded module: medic
2026-03-06 19:55:03 - captured_trigger - INFO - [TRIGGER] Loaded module: errors
2026-03-06 19:55:03 - captured_trigger - INFO - [TRIGGER] Loaded module: branch_log_events
2026-03-06 19:55:03 - captured_trigger - INFO - [TRIGGER] Skipped core - no handle_command()
2026-03-06 19:55:03 - captured_trigger - INFO - [TRIGGER] Loaded module: log_events
2026-03-06 20:37:07 - captured_trigger - INFO - [TRIGGER] Loaded module: medic
2026-03-06 20:37:07 - captured_trigger - INFO - [TRIGGER] Loaded module: errors
2026-03-06 20:37:07 - captured_trigger - INFO - [TRIGGER] Loaded module: branch_log_events
2026-03-06 20:37:07 - captured_trigger - INFO - [TRIGGER] Skipped core - no handle_command()
2026-03-06 20:37:07 - captured_trigger - INFO - [TRIGGER] Loaded module: log_events
2026-03-06 20:38:05 - captured_trigger - INFO - [TRIGGER] Loaded module: medic
2026-03-06 20:38:05 - captured_trigger - INFO - [TRIGGER] Loaded module: errors
2026-03-06 20:38:05 - captured_trigger - INFO - [TRIGGER] Loaded module: branch_log_events
2026-03-06 20:38:05 - captured_trigger - INFO - [TRIGGER] Skipped core - no handle_command()
2026-03-06 20:38:05 - captured_trigger - INFO - [TRIGGER] Loaded module: log_events
